[2025-10-04 22:39:40.680 -04:00 INF] : Starting eDiscovery Intake API {"Application":"EDiscoveryIntakeApi","Environment":"Development"}
[2025-10-04 22:39:42.328 -04:00 INF] EDiscovery.Shared.Services.ComplianceLogger: AUDIT: DatabaseInitialized | Custodian: null | CorrelationId: 4e31dea2 | Data: {"Action":"DatabaseInitialized","Custodian":null,"Data":{"DatabaseProvider":"SQLite"},"Instance":"DONNELLD-BOOK-3-31576","Timestamp":"2025-10-05T02:39:42.2684446Z","CorrelationId":"4e31dea2"} {"Application":"EDiscoveryIntakeApi","Environment":"Development"}
[2025-10-04 22:39:42.448 -04:00 INF] : eDiscovery Intake API started successfully {"Application":"EDiscoveryIntakeApi","Environment":"Development"}
[2025-10-04 22:39:42.645 -04:00 INF] Microsoft.Hosting.Lifetime: Now listening on: http://localhost:5230 {"EventId":{"Id":14,"Name":"ListeningOnAddress"},"Application":"EDiscoveryIntakeApi","Environment":"Development"}
[2025-10-04 22:39:42.648 -04:00 INF] Microsoft.Hosting.Lifetime: Application started. Press Ctrl+C to shut down. {"Application":"EDiscoveryIntakeApi","Environment":"Development"}
[2025-10-04 22:39:42.651 -04:00 INF] Microsoft.Hosting.Lifetime: Hosting environment: Development {"Application":"EDiscoveryIntakeApi","Environment":"Development"}
[2025-10-04 22:39:42.652 -04:00 INF] Microsoft.Hosting.Lifetime: Content root path: C:\Users\dnnll\source\repos\_VisualStudio_Code\M365Test\src\EDiscoveryIntakeApi {"Application":"EDiscoveryIntakeApi","Environment":"Development"}
[2025-10-04 22:41:09.322 -04:00 INF] Microsoft.Hosting.Lifetime: Application is shutting down... {"Application":"EDiscoveryIntakeApi","Environment":"Development"}
[2025-10-04 22:41:24.612 -04:00 INF] : Starting eDiscovery Intake API {"Application":"EDiscoveryIntakeApi","Environment":"Development"}
[2025-10-04 22:41:25.609 -04:00 INF] EDiscovery.Shared.Services.ComplianceLogger: AUDIT: DatabaseInitialized | Custodian: null | CorrelationId: 2663e58d | Data: {"Action":"DatabaseInitialized","Custodian":null,"Data":{"DatabaseProvider":"SQLite"},"Instance":"DONNELLD-BOOK-3-9600","Timestamp":"2025-10-05T02:41:25.5425397Z","CorrelationId":"2663e58d"} {"Application":"EDiscoveryIntakeApi","Environment":"Development"}
[2025-10-04 22:41:25.680 -04:00 INF] : eDiscovery Intake API started successfully {"Application":"EDiscoveryIntakeApi","Environment":"Development"}
[2025-10-04 22:41:25.741 -04:00 INF] Microsoft.Hosting.Lifetime: Now listening on: http://localhost:5230 {"EventId":{"Id":14,"Name":"ListeningOnAddress"},"Application":"EDiscoveryIntakeApi","Environment":"Development"}
[2025-10-04 22:41:25.743 -04:00 INF] Microsoft.Hosting.Lifetime: Application started. Press Ctrl+C to shut down. {"Application":"EDiscoveryIntakeApi","Environment":"Development"}
[2025-10-04 22:41:25.744 -04:00 INF] Microsoft.Hosting.Lifetime: Hosting environment: Development {"Application":"EDiscoveryIntakeApi","Environment":"Development"}
[2025-10-04 22:41:25.744 -04:00 INF] Microsoft.Hosting.Lifetime: Content root path: C:\Users\dnnll\source\repos\_VisualStudio_Code\M365Test\src\EDiscoveryIntakeApi {"Application":"EDiscoveryIntakeApi","Environment":"Development"}
[2025-10-04 22:41:53.470 -04:00 INF] Microsoft.Hosting.Lifetime: Application is shutting down... {"Application":"EDiscoveryIntakeApi","Environment":"Development"}
[2025-10-04 22:52:05.273 -04:00 INF] : Starting eDiscovery Intake API {"Application":"EDiscoveryIntakeApi","Environment":"Development"}
[2025-10-04 22:52:06.267 -04:00 INF] EDiscovery.Shared.Services.ComplianceLogger: AUDIT: DatabaseInitialized | Custodian: null | CorrelationId: fdd68d69 | Data: {"Action":"DatabaseInitialized","Custodian":null,"Data":{"DatabaseProvider":"SQLite"},"Instance":"DONNELLD-BOOK-3-36944","Timestamp":"2025-10-05T02:52:06.2101289Z","CorrelationId":"fdd68d69"} {"Application":"EDiscoveryIntakeApi","Environment":"Development"}
[2025-10-04 22:52:06.339 -04:00 INF] : eDiscovery Intake API started successfully {"Application":"EDiscoveryIntakeApi","Environment":"Development"}
[2025-10-04 22:52:06.406 -04:00 INF] Microsoft.Hosting.Lifetime: Now listening on: http://localhost:5230 {"EventId":{"Id":14,"Name":"ListeningOnAddress"},"Application":"EDiscoveryIntakeApi","Environment":"Development"}
[2025-10-04 22:52:06.408 -04:00 INF] Microsoft.Hosting.Lifetime: Application started. Press Ctrl+C to shut down. {"Application":"EDiscoveryIntakeApi","Environment":"Development"}
[2025-10-04 22:52:06.409 -04:00 INF] Microsoft.Hosting.Lifetime: Hosting environment: Development {"Application":"EDiscoveryIntakeApi","Environment":"Development"}
[2025-10-04 22:52:06.409 -04:00 INF] Microsoft.Hosting.Lifetime: Content root path: C:\Users\dnnll\source\repos\_VisualStudio_Code\M365Test\src\EDiscoveryIntakeApi {"Application":"EDiscoveryIntakeApi","Environment":"Development"}
[2025-10-04 22:52:19.516 -04:00 INF] Microsoft.Hosting.Lifetime: Application is shutting down... {"Application":"EDiscoveryIntakeApi","Environment":"Development"}
